<?xml version="1.0" encoding="UTF-8"?>
<!-- Generated by org.testng.reporters.JUnitReportReporter -->
<testsuite skipped="0" hostname="AXIKA" name="com.tutorialsninja.AppTest" tests="1" failures="0" timestamp="2023-05-08T19:55:56 BST" time="0.002" errors="0">
  <testcase name="testApp" time="0.002" classname="com.tutorialsninja.AppTest"/>
  <system-out/>
</testsuite> <!-- com.tutorialsninja.AppTest -->
